02:50:31 PM:DEBUG [logger_base.py:14] Mensaje a nivel debug
02:50:31 PM:INFO [logger_base.py:15] Mensaje a nivel info
02:50:31 PM:WARNING [logger_base.py:16] Mensaje a nivel warning
02:50:31 PM:ERROR [logger_base.py:17] Mensaje a nivel error
02:50:31 PM:CRITICAL [logger_base.py:18] Mensaje a nivel critical
02:56:26 PM:DEBUG [logger_base.py:14] Mensaje a nivel debug
02:56:26 PM:INFO [logger_base.py:15] Mensaje a nivel info
02:56:26 PM:WARNING [logger_base.py:16] Mensaje a nivel warning
02:56:26 PM:ERROR [logger_base.py:17] Mensaje a nivel error
02:56:26 PM:CRITICAL [logger_base.py:18] Mensaje a nivel critical
02:56:29 PM:DEBUG [logger_base.py:14] Mensaje a nivel debug
02:56:29 PM:INFO [logger_base.py:15] Mensaje a nivel info
02:56:29 PM:WARNING [logger_base.py:16] Mensaje a nivel warning
02:56:29 PM:ERROR [logger_base.py:17] Mensaje a nivel error
02:56:29 PM:CRITICAL [logger_base.py:18] Mensaje a nivel critical
03:12:49 PM:DEBUG [Persona.py:50] 
            Id persona: 1
            Nombre: Juan
            Apellido: Perez
            Email: jperez@gmail.com    
            
05:02:30 PM:DEBUG [Persona.py:50] 
            Id persona: 1
            Nombre: Juan
            Apellido: Perez
            Email: jperez@gmail.com    
            
05:03:39 PM:DEBUG [Persona.py:50] 
            Id persona: None
            Nombre: Juan
            Apellido:  Perez
            Email: jperez@gmail.com    
            
05:05:02 PM:DEBUG [Persona.py:50] 
            Id persona: None
            Nombre: Juan
            Apellido:  Perez
            Email: jperez@gmail.com    
            
05:05:14 PM:DEBUG [Persona.py:50] 
            Id persona: None
            Nombre: Juan
            Apellido:  Perez
            Email: jperez@gmail.com    
            
05:05:14 PM:DEBUG [Persona.py:52] 
            Id persona: 1
            Nombre: None
            Apellido: None
            Email: None    
            
02:50:09 PM:DEBUG [conexion.py:23] Conexion Exitosa: <connection object at 0x000002C402114AE0; dsn: 'user=postgres password=xxx dbname=test_bd host=127.0.0.1 port=5432', closed: 0>
02:53:45 PM:DEBUG [conexion.py:23] Conexion Exitosa: <connection object at 0x0000017B0CD04AE0; dsn: 'user=postgres password=xxx dbname=test_bd host=127.0.0.1 port=5432', closed: 0>
02:53:45 PM:ERROR [conexion.py:39] Ocurrio un error de tipo 'NoneType' object has no attribute 'cursor'
02:56:11 PM:DEBUG [conexion.py:23] Conexion Exitosa: <connection object at 0x000001BAA9914AE0; dsn: 'user=postgres password=xxx dbname=test_bd host=127.0.0.1 port=5432', closed: 0>
02:56:11 PM:ERROR [conexion.py:39] Ocurrio un error de tipo 'NoneType' object has no attribute 'cursor'
02:56:47 PM:DEBUG [conexion.py:23] Conexion Exitosa: <connection object at 0x000002102DCB4AE0; dsn: 'user=postgres password=xxx dbname=test_bd host=127.0.0.1 port=5432', closed: 0>
02:56:47 PM:DEBUG [conexion.py:36] Se abrio correctamente el cursor: <cursor object at 0x000002102D9334C0; closed: 0>
04:41:02 PM:DEBUG [conexion.py:23] Conexion Exitosa: <connection object at 0x0000024C7FE8A680; dsn: 'user=postgres password=xxx dbname=test_bd host=127.0.0.1 port=5432', closed: 0>
04:41:02 PM:DEBUG [conexion.py:36] Se abrio correctamente el cursor: <cursor object at 0x0000024C7FEBA960; closed: 0>
04:41:54 PM:DEBUG [conexion.py:23] Conexion Exitosa: <connection object at 0x0000029868226680; dsn: 'user=postgres password=xxx dbname=test_bd host=127.0.0.1 port=5432', closed: 0>
04:41:54 PM:DEBUG [conexion.py:36] Se abrio correctamente el cursor: <cursor object at 0x0000029868266960; closed: 0>
04:41:54 PM:DEBUG [Persona_dao.py:36] 
            Id persona: Juan Carlos
            Nombre: Roldan
            Apellido: jcroldan@gmail.com
            Email: 1    
            
04:41:54 PM:DEBUG [Persona_dao.py:36] 
            Id persona: Carlos
            Nombre: Lara
            Apellido: clara@gmail.com
            Email: 9    
            
04:41:54 PM:DEBUG [Persona_dao.py:36] 
            Id persona: Marcos
            Nombre: Canto
            Apellido: mcanto@gmail.com
            Email: 10    
            
04:41:54 PM:DEBUG [Persona_dao.py:36] 
            Id persona: Marcelo
            Nombre: Cuenca
            Apellido: cuenca@gmail.com
            Email: 11    
            
04:41:54 PM:DEBUG [Persona_dao.py:36] 
            Id persona: Maria
            Nombre: Esparza
            Apellido: mesparza@gmail.com
            Email: 13    
            
04:41:54 PM:DEBUG [Persona_dao.py:36] 
            Id persona: Carlos
            Nombre: Lara
            Apellido: clara@gmail.com
            Email: 15    
            
04:41:54 PM:DEBUG [Persona_dao.py:36] 
            Id persona: Jorgue
            Nombre: Prol
            Apellido: jprol@gmail.com
            Email: 16    
            
04:41:54 PM:DEBUG [Persona_dao.py:36] 
            Id persona: Alex
            Nombre: Rojas
            Apellido: alexx@gmail.com
            Email: 17    
            
04:49:18 PM:DEBUG [conexion.py:23] Conexion Exitosa: <connection object at 0x0000025C0AA96680; dsn: 'user=postgres password=xxx dbname=test_bd host=127.0.0.1 port=5432', closed: 0>
04:49:18 PM:DEBUG [conexion.py:36] Se abrio correctamente el cursor: <cursor object at 0x0000025C0AAD6960; closed: 0>
04:49:18 PM:DEBUG [Persona_dao.py:36] 
            Id persona: Juan Carlos
            Nombre: Roldan
            Apellido: jcroldan@gmail.com
            Email: 1    
            
04:49:18 PM:DEBUG [Persona_dao.py:36] 
            Id persona: Carlos
            Nombre: Lara
            Apellido: clara@gmail.com
            Email: 9    
            
04:49:18 PM:DEBUG [Persona_dao.py:36] 
            Id persona: Marcos
            Nombre: Canto
            Apellido: mcanto@gmail.com
            Email: 10    
            
04:49:18 PM:DEBUG [Persona_dao.py:36] 
            Id persona: Marcelo
            Nombre: Cuenca
            Apellido: cuenca@gmail.com
            Email: 11    
            
04:49:18 PM:DEBUG [Persona_dao.py:36] 
            Id persona: Maria
            Nombre: Esparza
            Apellido: mesparza@gmail.com
            Email: 13    
            
04:49:18 PM:DEBUG [Persona_dao.py:36] 
            Id persona: Carlos
            Nombre: Lara
            Apellido: clara@gmail.com
            Email: 15    
            
04:49:18 PM:DEBUG [Persona_dao.py:36] 
            Id persona: Jorgue
            Nombre: Prol
            Apellido: jprol@gmail.com
            Email: 16    
            
04:49:18 PM:DEBUG [Persona_dao.py:36] 
            Id persona: Alex
            Nombre: Rojas
            Apellido: alexx@gmail.com
            Email: 17    
            
04:50:32 PM:DEBUG [conexion.py:23] Conexion Exitosa: <connection object at 0x00000203933D6680; dsn: 'user=postgres password=xxx dbname=test_bd host=127.0.0.1 port=5432', closed: 0>
04:50:32 PM:DEBUG [conexion.py:36] Se abrio correctamente el cursor: <cursor object at 0x0000020393416960; closed: 0>
04:50:32 PM:DEBUG [Persona_dao.py:36] 
            Id persona: jcroldan@gmail.com
            Nombre: 1
            Apellido: None
            Email: None    
            
04:50:32 PM:DEBUG [Persona_dao.py:36] 
            Id persona: clara@gmail.com
            Nombre: 9
            Apellido: None
            Email: None    
            
04:50:32 PM:DEBUG [Persona_dao.py:36] 
            Id persona: mcanto@gmail.com
            Nombre: 10
            Apellido: None
            Email: None    
            
04:50:32 PM:DEBUG [Persona_dao.py:36] 
            Id persona: cuenca@gmail.com
            Nombre: 11
            Apellido: None
            Email: None    
            
04:50:32 PM:DEBUG [Persona_dao.py:36] 
            Id persona: mesparza@gmail.com
            Nombre: 13
            Apellido: None
            Email: None    
            
04:50:32 PM:DEBUG [Persona_dao.py:36] 
            Id persona: clara@gmail.com
            Nombre: 15
            Apellido: None
            Email: None    
            
04:50:32 PM:DEBUG [Persona_dao.py:36] 
            Id persona: jprol@gmail.com
            Nombre: 16
            Apellido: None
            Email: None    
            
04:50:32 PM:DEBUG [Persona_dao.py:36] 
            Id persona: alexx@gmail.com
            Nombre: 17
            Apellido: None
            Email: None    
            
04:51:37 PM:DEBUG [conexion.py:23] Conexion Exitosa: <connection object at 0x0000014D47736680; dsn: 'user=postgres password=xxx dbname=test_bd host=127.0.0.1 port=5432', closed: 0>
04:51:37 PM:DEBUG [conexion.py:36] Se abrio correctamente el cursor: <cursor object at 0x0000014D47776960; closed: 0>
04:51:37 PM:DEBUG [Persona_dao.py:36] 
            Id persona: 1
            Nombre: None
            Apellido: None
            Email: None    
            
04:51:37 PM:DEBUG [Persona_dao.py:36] 
            Id persona: 9
            Nombre: None
            Apellido: None
            Email: None    
            
04:51:37 PM:DEBUG [Persona_dao.py:36] 
            Id persona: 10
            Nombre: None
            Apellido: None
            Email: None    
            
04:51:37 PM:DEBUG [Persona_dao.py:36] 
            Id persona: 11
            Nombre: None
            Apellido: None
            Email: None    
            
04:51:37 PM:DEBUG [Persona_dao.py:36] 
            Id persona: 13
            Nombre: None
            Apellido: None
            Email: None    
            
04:51:37 PM:DEBUG [Persona_dao.py:36] 
            Id persona: 15
            Nombre: None
            Apellido: None
            Email: None    
            
04:51:37 PM:DEBUG [Persona_dao.py:36] 
            Id persona: 16
            Nombre: None
            Apellido: None
            Email: None    
            
04:51:37 PM:DEBUG [Persona_dao.py:36] 
            Id persona: 17
            Nombre: None
            Apellido: None
            Email: None    
            
05:04:24 PM:DEBUG [conexion.py:23] Conexion Exitosa: <connection object at 0x0000021A989D68A0; dsn: 'user=postgres password=xxx dbname=test_bd host=127.0.0.1 port=5432', closed: 0>
05:04:24 PM:DEBUG [conexion.py:36] Se abrio correctamente el cursor: <cursor object at 0x0000021A98A4A880; closed: 0>
05:04:24 PM:DEBUG [Persona_dao.py:39] Persona Insertada: 
            Id persona: None
            Nombre: Pedro
            Apellido: Romero
            Email: promero@gmail.com    
            
05:04:24 PM:DEBUG [Persona_dao.py:47] Personas Insertadas: 1
05:06:18 PM:DEBUG [conexion.py:23] Conexion Exitosa: <connection object at 0x000001E67CF568A0; dsn: 'user=postgres password=xxx dbname=test_bd host=127.0.0.1 port=5432', closed: 0>
05:06:18 PM:DEBUG [conexion.py:36] Se abrio correctamente el cursor: <cursor object at 0x000001E67CFAA880; closed: 0>
05:06:18 PM:DEBUG [Persona_dao.py:39] Persona Insertada: 
            Id persona: None
            Nombre: Pedro
            Apellido: Romero
            Email: promero@gmail.com    
            
05:06:18 PM:DEBUG [Persona_dao.py:47] Personas Insertadas: 1
05:07:41 PM:DEBUG [conexion.py:23] Conexion Exitosa: <connection object at 0x0000026CFC5968A0; dsn: 'user=postgres password=xxx dbname=test_bd host=127.0.0.1 port=5432', closed: 0>
05:07:41 PM:DEBUG [conexion.py:36] Se abrio correctamente el cursor: <cursor object at 0x0000026CFC5EA880; closed: 0>
05:07:41 PM:DEBUG [Persona_dao.py:39] Persona Insertada: 
            Id persona: None
            Nombre: Homero
            Apellido: Ramos
            Email: Homeror@gmail.com    
            
05:07:41 PM:DEBUG [Persona_dao.py:47] Personas Insertadas: 1
05:19:59 PM:DEBUG [conexion.py:23] Conexion Exitosa: <connection object at 0x0000023FB1786790; dsn: 'user=postgres password=xxx dbname=test_bd host=127.0.0.1 port=5432', closed: 0>
05:19:59 PM:DEBUG [conexion.py:36] Se abrio correctamente el cursor: <cursor object at 0x0000023FB17DA880; closed: 0>
05:20:48 PM:DEBUG [conexion.py:23] Conexion Exitosa: <connection object at 0x000001D2F0056790; dsn: 'user=postgres password=xxx dbname=test_bd host=127.0.0.1 port=5432', closed: 0>
05:20:48 PM:DEBUG [conexion.py:36] Se abrio correctamente el cursor: <cursor object at 0x000001D2F00AA880; closed: 0>
05:21:26 PM:DEBUG [conexion.py:23] Conexion Exitosa: <connection object at 0x0000023FAC036790; dsn: 'user=postgres password=xxx dbname=test_bd host=127.0.0.1 port=5432', closed: 0>
05:21:26 PM:DEBUG [conexion.py:36] Se abrio correctamente el cursor: <cursor object at 0x0000023FAC08A880; closed: 0>
05:26:07 PM:DEBUG [conexion.py:23] Conexion Exitosa: <connection object at 0x000002E902176790; dsn: 'user=postgres password=xxx dbname=test_bd host=127.0.0.1 port=5432', closed: 0>
05:26:07 PM:DEBUG [conexion.py:36] Se abrio correctamente el cursor: <cursor object at 0x000002E9021CA880; closed: 0>
05:32:00 PM:DEBUG [conexion.py:23] Conexion Exitosa: <connection object at 0x0000025221AECBF0; dsn: 'user=postgres password=xxx dbname=test_bd host=127.0.0.1 port=5432', closed: 0>
05:32:00 PM:DEBUG [conexion.py:36] Se abrio correctamente el cursor: <cursor object at 0x0000025221B31E00; closed: 0>
05:34:56 PM:DEBUG [conexion.py:23] Conexion Exitosa: <connection object at 0x000001F991F96790; dsn: 'user=postgres password=xxx dbname=test_bd host=127.0.0.1 port=5432', closed: 0>
05:34:56 PM:DEBUG [conexion.py:36] Se abrio correctamente el cursor: <cursor object at 0x000001F991FEA880; closed: 0>
05:34:56 PM:DEBUG [Persona_dao.py:47] Persona actualizada: 
            Id persona: 1
            Nombre: Juan Jose
            Apellido: Pena
            Email: jjpena@gmail.com    
            
05:34:56 PM:DEBUG [Persona_dao.py:55] Personas actualizadas: 1
05:36:32 PM:DEBUG [conexion.py:23] Conexion Exitosa: <connection object at 0x000001E463DE6790; dsn: 'user=postgres password=xxx dbname=test_bd host=127.0.0.1 port=5432', closed: 0>
05:36:32 PM:DEBUG [conexion.py:36] Se abrio correctamente el cursor: <cursor object at 0x000001E463E3A880; closed: 0>
05:36:32 PM:DEBUG [Persona_dao.py:47] Persona actualizada: 
            Id persona: 9
            Nombre: Juan Jose
            Apellido: Pena
            Email: jjpena@gmail.com    
            
05:36:32 PM:DEBUG [Persona_dao.py:55] Personas actualizadas: 1
05:42:33 PM:DEBUG [conexion.py:23] Conexion Exitosa: <connection object at 0x00000130D9EF6790; dsn: 'user=postgres password=xxx dbname=test_bd host=127.0.0.1 port=5432', closed: 0>
05:42:33 PM:DEBUG [conexion.py:36] Se abrio correctamente el cursor: <cursor object at 0x00000130D9F4A880; closed: 0>
05:42:33 PM:DEBUG [Persona_dao.py:76] 
            Id persona: 1
            Nombre: Juan Jose
            Apellido: Pena
            Email: jjpena@gmail.com    
            
05:42:33 PM:DEBUG [Persona_dao.py:76] 
            Id persona: 9
            Nombre: Juan Jose
            Apellido: Pena
            Email: jjpena@gmail.com    
            
05:42:33 PM:DEBUG [Persona_dao.py:76] 
            Id persona: 10
            Nombre: None
            Apellido: None
            Email: None    
            
05:42:33 PM:DEBUG [Persona_dao.py:76] 
            Id persona: 11
            Nombre: None
            Apellido: None
            Email: None    
            
05:42:33 PM:DEBUG [Persona_dao.py:76] 
            Id persona: 13
            Nombre: None
            Apellido: None
            Email: None    
            
05:42:33 PM:DEBUG [Persona_dao.py:76] 
            Id persona: 15
            Nombre: None
            Apellido: None
            Email: None    
            
05:42:33 PM:DEBUG [Persona_dao.py:76] 
            Id persona: 16
            Nombre: None
            Apellido: None
            Email: None    
            
05:42:33 PM:DEBUG [Persona_dao.py:76] 
            Id persona: 17
            Nombre: None
            Apellido: None
            Email: None    
            
05:42:33 PM:DEBUG [Persona_dao.py:76] 
            Id persona: 18
            Nombre: Pedro
            Apellido: Romero
            Email: promero@gmail.com    
            
05:42:33 PM:DEBUG [Persona_dao.py:76] 
            Id persona: 19
            Nombre: Pedro
            Apellido: Romero
            Email: promero@gmail.com    
            
05:42:33 PM:DEBUG [Persona_dao.py:76] 
            Id persona: 20
            Nombre: Homero
            Apellido: Ramos
            Email: Homeror@gmail.com    
            
05:43:43 PM:DEBUG [conexion.py:23] Conexion Exitosa: <connection object at 0x000001EDFC1B6790; dsn: 'user=postgres password=xxx dbname=test_bd host=127.0.0.1 port=5432', closed: 0>
05:43:43 PM:DEBUG [conexion.py:36] Se abrio correctamente el cursor: <cursor object at 0x000001EDFC20A880; closed: 0>
05:43:43 PM:DEBUG [Persona_dao.py:56] Los objetos eliminados son: 
            Id persona: 9
            Nombre: None
            Apellido: None
            Email: None    
            
05:43:43 PM:DEBUG [Persona_dao.py:63] Persona eliminada: 1
05:47:23 PM:DEBUG [conexion.py:23] Conexion Exitosa: <connection object at 0x000001E536616680; dsn: 'user=postgres password=xxx dbname=test_bd host=127.0.0.1 port=5432', closed: 0>
05:47:23 PM:DEBUG [conexion.py:36] Se abrio correctamente el cursor: <cursor object at 0x000001E536656960; closed: 0>
05:47:23 PM:DEBUG [Persona_dao.py:78] 
            Id persona: 1
            Nombre: Juan Jose
            Apellido: Pena
            Email: jjpena@gmail.com    
            
05:47:23 PM:DEBUG [Persona_dao.py:78] 
            Id persona: 10
            Nombre: None
            Apellido: None
            Email: None    
            
05:47:23 PM:DEBUG [Persona_dao.py:78] 
            Id persona: 11
            Nombre: None
            Apellido: None
            Email: None    
            
05:47:23 PM:DEBUG [Persona_dao.py:78] 
            Id persona: 13
            Nombre: None
            Apellido: None
            Email: None    
            
05:47:23 PM:DEBUG [Persona_dao.py:78] 
            Id persona: 15
            Nombre: None
            Apellido: None
            Email: None    
            
05:47:23 PM:DEBUG [Persona_dao.py:78] 
            Id persona: 16
            Nombre: None
            Apellido: None
            Email: None    
            
05:47:23 PM:DEBUG [Persona_dao.py:78] 
            Id persona: 17
            Nombre: None
            Apellido: None
            Email: None    
            
05:47:23 PM:DEBUG [Persona_dao.py:78] 
            Id persona: 18
            Nombre: Pedro
            Apellido: Romero
            Email: promero@gmail.com    
            
05:47:23 PM:DEBUG [Persona_dao.py:78] 
            Id persona: 19
            Nombre: Pedro
            Apellido: Romero
            Email: promero@gmail.com    
            
05:47:23 PM:DEBUG [Persona_dao.py:78] 
            Id persona: 20
            Nombre: Homero
            Apellido: Ramos
            Email: Homeror@gmail.com    
            
